[0.228s] DEBUG:colcon:Command line arguments: ['/usr/bin/colcon', 'build', '--symlink-install']
[0.228s] DEBUG:colcon:Parsed command line arguments: Namespace(allow_overriding=[], ament_cmake_args=None, base_paths=['.'], build_base='build', catkin_cmake_args=None, catkin_skip_building_tests=False, cmake_args=None, cmake_clean_cache=False, cmake_clean_first=False, cmake_force_configure=False, cmake_target=None, cmake_target_skip_unavailable=False, continue_on_error=False, event_handlers=None, executor='parallel', ignore_user_meta=False, install_base='install', log_base=None, log_level=None, main=<bound method BuildVerb.main of <colcon_core.verb.build.BuildVerb object at 0x7e94734fb5e0>>, merge_install=False, metas=['./colcon.meta'], mixin=None, mixin_files=None, mixin_verb=('build',), packages_above=None, packages_above_and_dependencies=None, packages_above_depth=None, packages_end=None, packages_ignore=None, packages_ignore_regex=None, packages_select=None, packages_select_build_failed=False, packages_select_by_dep=None, packages_select_regex=None, packages_select_test_failures=False, packages_skip=None, packages_skip_build_finished=False, packages_skip_by_dep=None, packages_skip_regex=None, packages_skip_test_passed=False, packages_skip_up_to=None, packages_start=None, packages_up_to=None, packages_up_to_regex=None, parallel_workers=12, paths=None, symlink_install=True, test_result_base=None, verb_extension=<colcon_core.verb.build.BuildVerb object at 0x7e94734fb5e0>, verb_name='build', verb_parser=<colcon_mixin.mixin.mixin_argument.MixinArgumentDecorator object at 0x7e9473460760>)
[0.410s] Level 1:colcon.colcon_core.package_discovery:discover_packages(colcon_meta) check parameters
[0.410s] Level 1:colcon.colcon_core.package_discovery:discover_packages(recursive) check parameters
[0.410s] Level 1:colcon.colcon_core.package_discovery:discover_packages(ignore) check parameters
[0.410s] Level 1:colcon.colcon_core.package_discovery:discover_packages(path) check parameters
[0.410s] Level 1:colcon.colcon_core.package_discovery:discover_packages(colcon_meta) discover
[0.410s] Level 1:colcon.colcon_core.package_discovery:discover_packages(recursive) discover
[0.410s] INFO:colcon.colcon_core.package_discovery:Crawling recursively for packages in '/home/fenixhub/ackermann_ws'
[0.410s] Level 1:colcon.colcon_core.package_identification:_identify(.) by extensions ['ignore', 'ignore_ament_install']
[0.410s] Level 1:colcon.colcon_core.package_identification:_identify(.) by extension 'ignore'
[0.410s] Level 1:colcon.colcon_core.package_identification:_identify(.) by extension 'ignore_ament_install'
[0.410s] Level 1:colcon.colcon_core.package_identification:_identify(.) by extensions ['colcon_pkg']
[0.411s] Level 1:colcon.colcon_core.package_identification:_identify(.) by extension 'colcon_pkg'
[0.411s] Level 1:colcon.colcon_core.package_identification:_identify(.) by extensions ['colcon_meta']
[0.411s] Level 1:colcon.colcon_core.package_identification:_identify(.) by extension 'colcon_meta'
[0.411s] Level 1:colcon.colcon_core.package_identification:_identify(.) by extensions ['ros']
[0.411s] Level 1:colcon.colcon_core.package_identification:_identify(.) by extension 'ros'
[0.423s] Level 1:colcon.colcon_core.package_identification:_identify(.) by extensions ['cmake', 'python']
[0.423s] Level 1:colcon.colcon_core.package_identification:_identify(.) by extension 'cmake'
[0.423s] Level 1:colcon.colcon_core.package_identification:_identify(.) by extension 'python'
[0.423s] Level 1:colcon.colcon_core.package_identification:_identify(.) by extensions ['python_setup_py']
[0.424s] Level 1:colcon.colcon_core.package_identification:_identify(.) by extension 'python_setup_py'
[0.424s] Level 1:colcon.colcon_core.package_identification:_identify(build) by extensions ['ignore', 'ignore_ament_install']
[0.424s] Level 1:colcon.colcon_core.package_identification:_identify(build) by extension 'ignore'
[0.424s] Level 1:colcon.colcon_core.package_identification:_identify(build) ignored
[0.424s] Level 1:colcon.colcon_core.package_identification:_identify(install) by extensions ['ignore', 'ignore_ament_install']
[0.424s] Level 1:colcon.colcon_core.package_identification:_identify(install) by extension 'ignore'
[0.424s] Level 1:colcon.colcon_core.package_identification:_identify(install) ignored
[0.424s] Level 1:colcon.colcon_core.package_identification:_identify(log) by extensions ['ignore', 'ignore_ament_install']
[0.424s] Level 1:colcon.colcon_core.package_identification:_identify(log) by extension 'ignore'
[0.424s] Level 1:colcon.colcon_core.package_identification:_identify(log) ignored
[0.425s] Level 1:colcon.colcon_core.package_identification:_identify(src) by extensions ['ignore', 'ignore_ament_install']
[0.425s] Level 1:colcon.colcon_core.package_identification:_identify(src) by extension 'ignore'
[0.425s] Level 1:colcon.colcon_core.package_identification:_identify(src) by extension 'ignore_ament_install'
[0.425s] Level 1:colcon.colcon_core.package_identification:_identify(src) by extensions ['colcon_pkg']
[0.425s] Level 1:colcon.colcon_core.package_identification:_identify(src) by extension 'colcon_pkg'
[0.425s] Level 1:colcon.colcon_core.package_identification:_identify(src) by extensions ['colcon_meta']
[0.425s] Level 1:colcon.colcon_core.package_identification:_identify(src) by extension 'colcon_meta'
[0.425s] Level 1:colcon.colcon_core.package_identification:_identify(src) by extensions ['ros']
[0.425s] Level 1:colcon.colcon_core.package_identification:_identify(src) by extension 'ros'
[0.425s] Level 1:colcon.colcon_core.package_identification:_identify(src) by extensions ['cmake', 'python']
[0.425s] Level 1:colcon.colcon_core.package_identification:_identify(src) by extension 'cmake'
[0.425s] Level 1:colcon.colcon_core.package_identification:_identify(src) by extension 'python'
[0.425s] Level 1:colcon.colcon_core.package_identification:_identify(src) by extensions ['python_setup_py']
[0.425s] Level 1:colcon.colcon_core.package_identification:_identify(src) by extension 'python_setup_py'
[0.425s] Level 1:colcon.colcon_core.package_identification:_identify(src/ackermann_control_bridge) by extensions ['ignore', 'ignore_ament_install']
[0.425s] Level 1:colcon.colcon_core.package_identification:_identify(src/ackermann_control_bridge) by extension 'ignore'
[0.426s] Level 1:colcon.colcon_core.package_identification:_identify(src/ackermann_control_bridge) by extension 'ignore_ament_install'
[0.426s] Level 1:colcon.colcon_core.package_identification:_identify(src/ackermann_control_bridge) by extensions ['colcon_pkg']
[0.426s] Level 1:colcon.colcon_core.package_identification:_identify(src/ackermann_control_bridge) by extension 'colcon_pkg'
[0.426s] Level 1:colcon.colcon_core.package_identification:_identify(src/ackermann_control_bridge) by extensions ['colcon_meta']
[0.426s] Level 1:colcon.colcon_core.package_identification:_identify(src/ackermann_control_bridge) by extension 'colcon_meta'
[0.426s] Level 1:colcon.colcon_core.package_identification:_identify(src/ackermann_control_bridge) by extensions ['ros']
[0.426s] Level 1:colcon.colcon_core.package_identification:_identify(src/ackermann_control_bridge) by extension 'ros'
[0.429s] DEBUG:colcon.colcon_core.package_identification:Package 'src/ackermann_control_bridge' with type 'ros.ament_python' and name 'ackermann_control_bridge'
[0.429s] Level 1:colcon.colcon_core.package_identification:_identify(src/ackermann_robot_description) by extensions ['ignore', 'ignore_ament_install']
[0.429s] Level 1:colcon.colcon_core.package_identification:_identify(src/ackermann_robot_description) by extension 'ignore'
[0.429s] Level 1:colcon.colcon_core.package_identification:_identify(src/ackermann_robot_description) by extension 'ignore_ament_install'
[0.429s] Level 1:colcon.colcon_core.package_identification:_identify(src/ackermann_robot_description) by extensions ['colcon_pkg']
[0.429s] Level 1:colcon.colcon_core.package_identification:_identify(src/ackermann_robot_description) by extension 'colcon_pkg'
[0.429s] Level 1:colcon.colcon_core.package_identification:_identify(src/ackermann_robot_description) by extensions ['colcon_meta']
[0.429s] Level 1:colcon.colcon_core.package_identification:_identify(src/ackermann_robot_description) by extension 'colcon_meta'
[0.429s] Level 1:colcon.colcon_core.package_identification:_identify(src/ackermann_robot_description) by extensions ['ros']
[0.429s] Level 1:colcon.colcon_core.package_identification:_identify(src/ackermann_robot_description) by extension 'ros'
[0.430s] DEBUG:colcon.colcon_core.package_identification:Package 'src/ackermann_robot_description' with type 'ros.ament_cmake' and name 'ackermann_robot_description'
[0.430s] Level 1:colcon.colcon_core.package_identification:_identify(src/ackermann_robot_navigation) by extensions ['ignore', 'ignore_ament_install']
[0.430s] Level 1:colcon.colcon_core.package_identification:_identify(src/ackermann_robot_navigation) by extension 'ignore'
[0.430s] Level 1:colcon.colcon_core.package_identification:_identify(src/ackermann_robot_navigation) by extension 'ignore_ament_install'
[0.430s] Level 1:colcon.colcon_core.package_identification:_identify(src/ackermann_robot_navigation) by extensions ['colcon_pkg']
[0.430s] Level 1:colcon.colcon_core.package_identification:_identify(src/ackermann_robot_navigation) by extension 'colcon_pkg'
[0.430s] Level 1:colcon.colcon_core.package_identification:_identify(src/ackermann_robot_navigation) by extensions ['colcon_meta']
[0.431s] Level 1:colcon.colcon_core.package_identification:_identify(src/ackermann_robot_navigation) by extension 'colcon_meta'
[0.431s] Level 1:colcon.colcon_core.package_identification:_identify(src/ackermann_robot_navigation) by extensions ['ros']
[0.431s] Level 1:colcon.colcon_core.package_identification:_identify(src/ackermann_robot_navigation) by extension 'ros'
[0.432s] DEBUG:colcon.colcon_core.package_identification:Package 'src/ackermann_robot_navigation' with type 'ros.ament_cmake' and name 'ackermann_robot_navigation'
[0.432s] Level 1:colcon.colcon_core.package_discovery:discover_packages(recursive) using defaults
[0.433s] Level 1:colcon.colcon_core.package_discovery:discover_packages(ignore) discover
[0.433s] Level 1:colcon.colcon_core.package_discovery:discover_packages(ignore) using defaults
[0.433s] Level 1:colcon.colcon_core.package_discovery:discover_packages(path) discover
[0.433s] Level 1:colcon.colcon_core.package_discovery:discover_packages(path) using defaults
[0.452s] Level 1:colcon.colcon_core.package_discovery:discover_packages(prefix_path) check parameters
[0.452s] Level 1:colcon.colcon_core.package_discovery:discover_packages(prefix_path) discover
[0.454s] DEBUG:colcon.colcon_installed_package_information.package_discovery:Found 3 installed packages in /home/fenixhub/ackermann_ws/install
[0.456s] DEBUG:colcon.colcon_installed_package_information.package_discovery:Found 326 installed packages in /opt/ros/foxy
[0.465s] Level 1:colcon.colcon_core.package_discovery:discover_packages(prefix_path) using defaults
[0.547s] Level 5:colcon.colcon_core.verb:set package 'ackermann_control_bridge' build argument 'cmake_args' from command line to 'None'
[0.547s] Level 5:colcon.colcon_core.verb:set package 'ackermann_control_bridge' build argument 'cmake_target' from command line to 'None'
[0.547s] Level 5:colcon.colcon_core.verb:set package 'ackermann_control_bridge' build argument 'cmake_target_skip_unavailable' from command line to 'False'
[0.548s] Level 5:colcon.colcon_core.verb:set package 'ackermann_control_bridge' build argument 'cmake_clean_cache' from command line to 'False'
[0.548s] Level 5:colcon.colcon_core.verb:set package 'ackermann_control_bridge' build argument 'cmake_clean_first' from command line to 'False'
[0.548s] Level 5:colcon.colcon_core.verb:set package 'ackermann_control_bridge' build argument 'cmake_force_configure' from command line to 'False'
[0.548s] Level 5:colcon.colcon_core.verb:set package 'ackermann_control_bridge' build argument 'ament_cmake_args' from command line to 'None'
[0.548s] Level 5:colcon.colcon_core.verb:set package 'ackermann_control_bridge' build argument 'catkin_cmake_args' from command line to 'None'
[0.548s] Level 5:colcon.colcon_core.verb:set package 'ackermann_control_bridge' build argument 'catkin_skip_building_tests' from command line to 'False'
[0.548s] DEBUG:colcon.colcon_core.verb:Building package 'ackermann_control_bridge' with the following arguments: {'ament_cmake_args': None, 'build_base': '/home/fenixhub/ackermann_ws/build/ackermann_control_bridge', 'catkin_cmake_args': None, 'catkin_skip_building_tests': False, 'cmake_args': None, 'cmake_clean_cache': False, 'cmake_clean_first': False, 'cmake_force_configure': False, 'cmake_target': None, 'cmake_target_skip_unavailable': False, 'install_base': '/home/fenixhub/ackermann_ws/install/ackermann_control_bridge', 'merge_install': False, 'path': '/home/fenixhub/ackermann_ws/src/ackermann_control_bridge', 'symlink_install': True, 'test_result_base': None}
[0.548s] Level 5:colcon.colcon_core.verb:set package 'ackermann_robot_description' build argument 'cmake_args' from command line to 'None'
[0.548s] Level 5:colcon.colcon_core.verb:set package 'ackermann_robot_description' build argument 'cmake_target' from command line to 'None'
[0.548s] Level 5:colcon.colcon_core.verb:set package 'ackermann_robot_description' build argument 'cmake_target_skip_unavailable' from command line to 'False'
[0.548s] Level 5:colcon.colcon_core.verb:set package 'ackermann_robot_description' build argument 'cmake_clean_cache' from command line to 'False'
[0.548s] Level 5:colcon.colcon_core.verb:set package 'ackermann_robot_description' build argument 'cmake_clean_first' from command line to 'False'
[0.548s] Level 5:colcon.colcon_core.verb:set package 'ackermann_robot_description' build argument 'cmake_force_configure' from command line to 'False'
[0.548s] Level 5:colcon.colcon_core.verb:set package 'ackermann_robot_description' build argument 'ament_cmake_args' from command line to 'None'
[0.548s] Level 5:colcon.colcon_core.verb:set package 'ackermann_robot_description' build argument 'catkin_cmake_args' from command line to 'None'
[0.548s] Level 5:colcon.colcon_core.verb:set package 'ackermann_robot_description' build argument 'catkin_skip_building_tests' from command line to 'False'
[0.549s] DEBUG:colcon.colcon_core.verb:Building package 'ackermann_robot_description' with the following arguments: {'ament_cmake_args': None, 'build_base': '/home/fenixhub/ackermann_ws/build/ackermann_robot_description', 'catkin_cmake_args': None, 'catkin_skip_building_tests': False, 'cmake_args': None, 'cmake_clean_cache': False, 'cmake_clean_first': False, 'cmake_force_configure': False, 'cmake_target': None, 'cmake_target_skip_unavailable': False, 'install_base': '/home/fenixhub/ackermann_ws/install/ackermann_robot_description', 'merge_install': False, 'path': '/home/fenixhub/ackermann_ws/src/ackermann_robot_description', 'symlink_install': True, 'test_result_base': None}
[0.549s] Level 5:colcon.colcon_core.verb:set package 'ackermann_robot_navigation' build argument 'cmake_args' from command line to 'None'
[0.549s] Level 5:colcon.colcon_core.verb:set package 'ackermann_robot_navigation' build argument 'cmake_target' from command line to 'None'
[0.549s] Level 5:colcon.colcon_core.verb:set package 'ackermann_robot_navigation' build argument 'cmake_target_skip_unavailable' from command line to 'False'
[0.549s] Level 5:colcon.colcon_core.verb:set package 'ackermann_robot_navigation' build argument 'cmake_clean_cache' from command line to 'False'
[0.549s] Level 5:colcon.colcon_core.verb:set package 'ackermann_robot_navigation' build argument 'cmake_clean_first' from command line to 'False'
[0.549s] Level 5:colcon.colcon_core.verb:set package 'ackermann_robot_navigation' build argument 'cmake_force_configure' from command line to 'False'
[0.549s] Level 5:colcon.colcon_core.verb:set package 'ackermann_robot_navigation' build argument 'ament_cmake_args' from command line to 'None'
[0.549s] Level 5:colcon.colcon_core.verb:set package 'ackermann_robot_navigation' build argument 'catkin_cmake_args' from command line to 'None'
[0.549s] Level 5:colcon.colcon_core.verb:set package 'ackermann_robot_navigation' build argument 'catkin_skip_building_tests' from command line to 'False'
[0.549s] DEBUG:colcon.colcon_core.verb:Building package 'ackermann_robot_navigation' with the following arguments: {'ament_cmake_args': None, 'build_base': '/home/fenixhub/ackermann_ws/build/ackermann_robot_navigation', 'catkin_cmake_args': None, 'catkin_skip_building_tests': False, 'cmake_args': None, 'cmake_clean_cache': False, 'cmake_clean_first': False, 'cmake_force_configure': False, 'cmake_target': None, 'cmake_target_skip_unavailable': False, 'install_base': '/home/fenixhub/ackermann_ws/install/ackermann_robot_navigation', 'merge_install': False, 'path': '/home/fenixhub/ackermann_ws/src/ackermann_robot_navigation', 'symlink_install': True, 'test_result_base': None}
[0.550s] INFO:colcon.colcon_core.executor:Executing jobs using 'parallel' executor
[0.551s] DEBUG:colcon.colcon_parallel_executor.executor.parallel:run_until_complete
[0.551s] INFO:colcon.colcon_ros.task.ament_python.build:Building ROS package in '/home/fenixhub/ackermann_ws/src/ackermann_control_bridge' with build type 'ament_python'
[0.551s] Level 1:colcon.colcon_core.shell:create_environment_hook('ackermann_control_bridge', 'ament_prefix_path')
[0.554s] INFO:colcon.colcon_core.plugin_system:Skipping extension 'colcon_core.shell.bat': Not used on non-Windows systems
[0.554s] INFO:colcon.colcon_core.shell:Creating environment hook '/home/fenixhub/ackermann_ws/install/ackermann_control_bridge/share/ackermann_control_bridge/hook/ament_prefix_path.ps1'
[0.555s] INFO:colcon.colcon_core.shell:Creating environment descriptor '/home/fenixhub/ackermann_ws/install/ackermann_control_bridge/share/ackermann_control_bridge/hook/ament_prefix_path.dsv'
[0.555s] INFO:colcon.colcon_core.shell:Creating environment hook '/home/fenixhub/ackermann_ws/install/ackermann_control_bridge/share/ackermann_control_bridge/hook/ament_prefix_path.sh'
[0.556s] INFO:colcon.colcon_core.shell:Skip shell extension 'powershell' for command environment: Not usable outside of PowerShell
[0.556s] DEBUG:colcon.colcon_core.shell:Skip shell extension 'dsv' for command environment
[0.563s] INFO:colcon.colcon_ros.task.ament_cmake.build:Building ROS package in '/home/fenixhub/ackermann_ws/src/ackermann_robot_description' with build type 'ament_cmake'
[0.563s] INFO:colcon.colcon_cmake.task.cmake.build:Building CMake package in '/home/fenixhub/ackermann_ws/src/ackermann_robot_description'
[0.564s] INFO:colcon.colcon_core.shell:Skip shell extension 'powershell' for command environment: Not usable outside of PowerShell
[0.564s] DEBUG:colcon.colcon_core.shell:Skip shell extension 'dsv' for command environment
[0.570s] INFO:colcon.colcon_ros.task.ament_cmake.build:Building ROS package in '/home/fenixhub/ackermann_ws/src/ackermann_robot_navigation' with build type 'ament_cmake'
[0.571s] INFO:colcon.colcon_cmake.task.cmake.build:Building CMake package in '/home/fenixhub/ackermann_ws/src/ackermann_robot_navigation'
[0.571s] INFO:colcon.colcon_core.shell:Skip shell extension 'powershell' for command environment: Not usable outside of PowerShell
[0.571s] DEBUG:colcon.colcon_core.shell:Skip shell extension 'dsv' for command environment
[0.842s] INFO:colcon.colcon_core.task.python.build:Building Python package in '/home/fenixhub/ackermann_ws/src/ackermann_control_bridge'
[0.842s] INFO:colcon.colcon_core.shell:Skip shell extension 'powershell' for command environment: Not usable outside of PowerShell
[0.843s] DEBUG:colcon.colcon_core.shell:Skip shell extension 'dsv' for command environment
[0.854s] DEBUG:colcon.colcon_core.event_handler.log_command:Invoking command in '/home/fenixhub/ackermann_ws/build/ackermann_robot_description': CMAKE_PREFIX_PATH=${CMAKE_PREFIX_PATH}:/home/fenixhub/ackermann_ws/install/ackermann_control_bridge:/opt/ros/foxy /usr/bin/cmake --build /home/fenixhub/ackermann_ws/build/ackermann_robot_description -- -j12 -l12
[0.862s] DEBUG:colcon.colcon_core.event_handler.log_command:Invoking command in '/home/fenixhub/ackermann_ws/build/ackermann_robot_navigation': CMAKE_PREFIX_PATH=${CMAKE_PREFIX_PATH}:/home/fenixhub/ackermann_ws/install/ackermann_control_bridge:/opt/ros/foxy /usr/bin/cmake --build /home/fenixhub/ackermann_ws/build/ackermann_robot_navigation -- -j12 -l12
[0.904s] DEBUG:colcon.colcon_core.event_handler.log_command:Invoked command in '/home/fenixhub/ackermann_ws/build/ackermann_robot_description' returned '0': CMAKE_PREFIX_PATH=${CMAKE_PREFIX_PATH}:/home/fenixhub/ackermann_ws/install/ackermann_control_bridge:/opt/ros/foxy /usr/bin/cmake --build /home/fenixhub/ackermann_ws/build/ackermann_robot_description -- -j12 -l12
[0.922s] DEBUG:colcon.colcon_core.event_handler.log_command:Invoking command in '/home/fenixhub/ackermann_ws/build/ackermann_robot_description': CMAKE_PREFIX_PATH=${CMAKE_PREFIX_PATH}:/home/fenixhub/ackermann_ws/install/ackermann_control_bridge:/opt/ros/foxy /usr/bin/cmake --install /home/fenixhub/ackermann_ws/build/ackermann_robot_description
[0.924s] DEBUG:colcon.colcon_core.event_handler.log_command:Invoked command in '/home/fenixhub/ackermann_ws/build/ackermann_robot_navigation' returned '0': CMAKE_PREFIX_PATH=${CMAKE_PREFIX_PATH}:/home/fenixhub/ackermann_ws/install/ackermann_control_bridge:/opt/ros/foxy /usr/bin/cmake --build /home/fenixhub/ackermann_ws/build/ackermann_robot_navigation -- -j12 -l12
[0.927s] DEBUG:colcon.colcon_core.event_handler.log_command:Invoking command in '/home/fenixhub/ackermann_ws/build/ackermann_robot_navigation': CMAKE_PREFIX_PATH=${CMAKE_PREFIX_PATH}:/home/fenixhub/ackermann_ws/install/ackermann_control_bridge:/opt/ros/foxy /usr/bin/cmake --install /home/fenixhub/ackermann_ws/build/ackermann_robot_navigation
[0.955s] Level 1:colcon.colcon_core.environment:create_environment_scripts_only(ackermann_robot_description)
[0.957s] DEBUG:colcon.colcon_core.event_handler.log_command:Invoked command in '/home/fenixhub/ackermann_ws/build/ackermann_robot_description' returned '0': CMAKE_PREFIX_PATH=${CMAKE_PREFIX_PATH}:/home/fenixhub/ackermann_ws/install/ackermann_control_bridge:/opt/ros/foxy /usr/bin/cmake --install /home/fenixhub/ackermann_ws/build/ackermann_robot_description
[0.961s] Level 1:colcon.colcon_core.environment:checking '/home/fenixhub/ackermann_ws/install/ackermann_robot_description' for CMake module files
[0.962s] Level 1:colcon.colcon_core.environment:checking '/home/fenixhub/ackermann_ws/install/ackermann_robot_description' for CMake config files
[0.962s] Level 1:colcon.colcon_core.shell:create_environment_hook('ackermann_robot_description', 'cmake_prefix_path')
[0.963s] INFO:colcon.colcon_core.shell:Creating environment hook '/home/fenixhub/ackermann_ws/install/ackermann_robot_description/share/ackermann_robot_description/hook/cmake_prefix_path.ps1'
[0.963s] INFO:colcon.colcon_core.shell:Creating environment descriptor '/home/fenixhub/ackermann_ws/install/ackermann_robot_description/share/ackermann_robot_description/hook/cmake_prefix_path.dsv'
[0.964s] INFO:colcon.colcon_core.shell:Creating environment hook '/home/fenixhub/ackermann_ws/install/ackermann_robot_description/share/ackermann_robot_description/hook/cmake_prefix_path.sh'
[0.965s] Level 1:colcon.colcon_core.environment:checking '/home/fenixhub/ackermann_ws/install/ackermann_robot_description/bin'
[0.965s] Level 1:colcon.colcon_core.environment:checking '/home/fenixhub/ackermann_ws/install/ackermann_robot_description/lib/pkgconfig/ackermann_robot_description.pc'
[0.965s] Level 1:colcon.colcon_core.environment:checking '/home/fenixhub/ackermann_ws/install/ackermann_robot_description/lib/python3.8/site-packages'
[0.965s] Level 1:colcon.colcon_core.environment:checking '/home/fenixhub/ackermann_ws/install/ackermann_robot_description/bin'
[0.966s] INFO:colcon.colcon_core.shell:Creating package script '/home/fenixhub/ackermann_ws/install/ackermann_robot_description/share/ackermann_robot_description/package.ps1'
[0.967s] INFO:colcon.colcon_core.shell:Creating package descriptor '/home/fenixhub/ackermann_ws/install/ackermann_robot_description/share/ackermann_robot_description/package.dsv'
[0.967s] INFO:colcon.colcon_core.shell:Creating package script '/home/fenixhub/ackermann_ws/install/ackermann_robot_description/share/ackermann_robot_description/package.sh'
[0.968s] INFO:colcon.colcon_core.shell:Creating package script '/home/fenixhub/ackermann_ws/install/ackermann_robot_description/share/ackermann_robot_description/package.bash'
[0.969s] INFO:colcon.colcon_core.shell:Creating package script '/home/fenixhub/ackermann_ws/install/ackermann_robot_description/share/ackermann_robot_description/package.zsh'
[0.970s] Level 1:colcon.colcon_core.environment:create_file_with_runtime_dependencies(/home/fenixhub/ackermann_ws/install/ackermann_robot_description/share/colcon-core/packages/ackermann_robot_description)
[0.971s] Level 1:colcon.colcon_core.environment:create_environment_scripts_only(ackermann_robot_description)
[0.971s] Level 1:colcon.colcon_core.environment:checking '/home/fenixhub/ackermann_ws/install/ackermann_robot_description' for CMake module files
[0.972s] Level 1:colcon.colcon_core.environment:checking '/home/fenixhub/ackermann_ws/install/ackermann_robot_description' for CMake config files
[0.972s] Level 1:colcon.colcon_core.shell:create_environment_hook('ackermann_robot_description', 'cmake_prefix_path')
[0.972s] INFO:colcon.colcon_core.shell:Creating environment hook '/home/fenixhub/ackermann_ws/install/ackermann_robot_description/share/ackermann_robot_description/hook/cmake_prefix_path.ps1'
[0.973s] INFO:colcon.colcon_core.shell:Creating environment descriptor '/home/fenixhub/ackermann_ws/install/ackermann_robot_description/share/ackermann_robot_description/hook/cmake_prefix_path.dsv'
[0.973s] INFO:colcon.colcon_core.shell:Creating environment hook '/home/fenixhub/ackermann_ws/install/ackermann_robot_description/share/ackermann_robot_description/hook/cmake_prefix_path.sh'
[0.974s] Level 1:colcon.colcon_core.environment:checking '/home/fenixhub/ackermann_ws/install/ackermann_robot_description/bin'
[0.974s] Level 1:colcon.colcon_core.environment:checking '/home/fenixhub/ackermann_ws/install/ackermann_robot_description/lib/pkgconfig/ackermann_robot_description.pc'
[0.974s] Level 1:colcon.colcon_core.environment:checking '/home/fenixhub/ackermann_ws/install/ackermann_robot_description/lib/python3.8/site-packages'
[0.974s] Level 1:colcon.colcon_core.environment:checking '/home/fenixhub/ackermann_ws/install/ackermann_robot_description/bin'
[0.975s] INFO:colcon.colcon_core.shell:Creating package script '/home/fenixhub/ackermann_ws/install/ackermann_robot_description/share/ackermann_robot_description/package.ps1'
[0.975s] INFO:colcon.colcon_core.shell:Creating package descriptor '/home/fenixhub/ackermann_ws/install/ackermann_robot_description/share/ackermann_robot_description/package.dsv'
[0.976s] INFO:colcon.colcon_core.shell:Creating package script '/home/fenixhub/ackermann_ws/install/ackermann_robot_description/share/ackermann_robot_description/package.sh'
[0.976s] INFO:colcon.colcon_core.shell:Creating package script '/home/fenixhub/ackermann_ws/install/ackermann_robot_description/share/ackermann_robot_description/package.bash'
[0.977s] INFO:colcon.colcon_core.shell:Creating package script '/home/fenixhub/ackermann_ws/install/ackermann_robot_description/share/ackermann_robot_description/package.zsh'
[0.977s] Level 1:colcon.colcon_core.environment:create_file_with_runtime_dependencies(/home/fenixhub/ackermann_ws/install/ackermann_robot_description/share/colcon-core/packages/ackermann_robot_description)
[0.978s] Level 1:colcon.colcon_core.environment:create_environment_scripts_only(ackermann_robot_navigation)
[0.979s] Level 1:colcon.colcon_core.environment:checking '/home/fenixhub/ackermann_ws/install/ackermann_robot_navigation' for CMake module files
[0.980s] DEBUG:colcon.colcon_core.event_handler.log_command:Invoked command in '/home/fenixhub/ackermann_ws/build/ackermann_robot_navigation' returned '0': CMAKE_PREFIX_PATH=${CMAKE_PREFIX_PATH}:/home/fenixhub/ackermann_ws/install/ackermann_control_bridge:/opt/ros/foxy /usr/bin/cmake --install /home/fenixhub/ackermann_ws/build/ackermann_robot_navigation
[0.980s] Level 1:colcon.colcon_core.environment:checking '/home/fenixhub/ackermann_ws/install/ackermann_robot_navigation' for CMake config files
[0.980s] Level 1:colcon.colcon_core.shell:create_environment_hook('ackermann_robot_navigation', 'cmake_prefix_path')
[0.981s] INFO:colcon.colcon_core.shell:Creating environment hook '/home/fenixhub/ackermann_ws/install/ackermann_robot_navigation/share/ackermann_robot_navigation/hook/cmake_prefix_path.ps1'
[0.981s] INFO:colcon.colcon_core.shell:Creating environment descriptor '/home/fenixhub/ackermann_ws/install/ackermann_robot_navigation/share/ackermann_robot_navigation/hook/cmake_prefix_path.dsv'
[0.982s] INFO:colcon.colcon_core.shell:Creating environment hook '/home/fenixhub/ackermann_ws/install/ackermann_robot_navigation/share/ackermann_robot_navigation/hook/cmake_prefix_path.sh'
[0.982s] Level 1:colcon.colcon_core.environment:checking '/home/fenixhub/ackermann_ws/install/ackermann_robot_navigation/bin'
[0.982s] Level 1:colcon.colcon_core.environment:checking '/home/fenixhub/ackermann_ws/install/ackermann_robot_navigation/lib/pkgconfig/ackermann_robot_navigation.pc'
[0.983s] Level 1:colcon.colcon_core.environment:checking '/home/fenixhub/ackermann_ws/install/ackermann_robot_navigation/lib/python3.8/site-packages'
[0.983s] Level 1:colcon.colcon_core.environment:checking '/home/fenixhub/ackermann_ws/install/ackermann_robot_navigation/bin'
[0.983s] INFO:colcon.colcon_core.shell:Creating package script '/home/fenixhub/ackermann_ws/install/ackermann_robot_navigation/share/ackermann_robot_navigation/package.ps1'
[0.984s] INFO:colcon.colcon_core.shell:Creating package descriptor '/home/fenixhub/ackermann_ws/install/ackermann_robot_navigation/share/ackermann_robot_navigation/package.dsv'
[0.984s] INFO:colcon.colcon_core.shell:Creating package script '/home/fenixhub/ackermann_ws/install/ackermann_robot_navigation/share/ackermann_robot_navigation/package.sh'
[0.985s] INFO:colcon.colcon_core.shell:Creating package script '/home/fenixhub/ackermann_ws/install/ackermann_robot_navigation/share/ackermann_robot_navigation/package.bash'
[0.986s] INFO:colcon.colcon_core.shell:Creating package script '/home/fenixhub/ackermann_ws/install/ackermann_robot_navigation/share/ackermann_robot_navigation/package.zsh'
[0.986s] Level 1:colcon.colcon_core.environment:create_file_with_runtime_dependencies(/home/fenixhub/ackermann_ws/install/ackermann_robot_navigation/share/colcon-core/packages/ackermann_robot_navigation)
[0.987s] Level 1:colcon.colcon_core.environment:create_environment_scripts_only(ackermann_robot_navigation)
[0.987s] Level 1:colcon.colcon_core.environment:checking '/home/fenixhub/ackermann_ws/install/ackermann_robot_navigation' for CMake module files
[0.988s] Level 1:colcon.colcon_core.environment:checking '/home/fenixhub/ackermann_ws/install/ackermann_robot_navigation' for CMake config files
[0.988s] Level 1:colcon.colcon_core.shell:create_environment_hook('ackermann_robot_navigation', 'cmake_prefix_path')
[0.988s] INFO:colcon.colcon_core.shell:Creating environment hook '/home/fenixhub/ackermann_ws/install/ackermann_robot_navigation/share/ackermann_robot_navigation/hook/cmake_prefix_path.ps1'
[0.989s] INFO:colcon.colcon_core.shell:Creating environment descriptor '/home/fenixhub/ackermann_ws/install/ackermann_robot_navigation/share/ackermann_robot_navigation/hook/cmake_prefix_path.dsv'
[0.990s] INFO:colcon.colcon_core.shell:Creating environment hook '/home/fenixhub/ackermann_ws/install/ackermann_robot_navigation/share/ackermann_robot_navigation/hook/cmake_prefix_path.sh'
[0.991s] Level 1:colcon.colcon_core.environment:checking '/home/fenixhub/ackermann_ws/install/ackermann_robot_navigation/bin'
[0.991s] Level 1:colcon.colcon_core.environment:checking '/home/fenixhub/ackermann_ws/install/ackermann_robot_navigation/lib/pkgconfig/ackermann_robot_navigation.pc'
[0.991s] Level 1:colcon.colcon_core.environment:checking '/home/fenixhub/ackermann_ws/install/ackermann_robot_navigation/lib/python3.8/site-packages'
[0.992s] Level 1:colcon.colcon_core.environment:checking '/home/fenixhub/ackermann_ws/install/ackermann_robot_navigation/bin'
[0.992s] INFO:colcon.colcon_core.shell:Creating package script '/home/fenixhub/ackermann_ws/install/ackermann_robot_navigation/share/ackermann_robot_navigation/package.ps1'
[0.993s] INFO:colcon.colcon_core.shell:Creating package descriptor '/home/fenixhub/ackermann_ws/install/ackermann_robot_navigation/share/ackermann_robot_navigation/package.dsv'
[0.993s] INFO:colcon.colcon_core.shell:Creating package script '/home/fenixhub/ackermann_ws/install/ackermann_robot_navigation/share/ackermann_robot_navigation/package.sh'
[0.994s] INFO:colcon.colcon_core.shell:Creating package script '/home/fenixhub/ackermann_ws/install/ackermann_robot_navigation/share/ackermann_robot_navigation/package.bash'
[0.995s] INFO:colcon.colcon_core.shell:Creating package script '/home/fenixhub/ackermann_ws/install/ackermann_robot_navigation/share/ackermann_robot_navigation/package.zsh'
[0.995s] Level 1:colcon.colcon_core.environment:create_file_with_runtime_dependencies(/home/fenixhub/ackermann_ws/install/ackermann_robot_navigation/share/colcon-core/packages/ackermann_robot_navigation)
[1.318s] DEBUG:colcon.colcon_core.event_handler.log_command:Invoking command in '/home/fenixhub/ackermann_ws/build/ackermann_control_bridge': PYTHONPATH=/home/fenixhub/ackermann_ws/build/ackermann_control_bridge/prefix_override:/usr/lib/python3/dist-packages/colcon_core/task/python/colcon_distutils_commands:/home/fenixhub/ackermann_ws/install/ackermann_control_bridge/lib/python3.8/site-packages:${PYTHONPATH} /usr/bin/python3 -W ignore:setup.py install is deprecated -W ignore:easy_install command is deprecated setup.py develop --editable --build-directory /home/fenixhub/ackermann_ws/build/ackermann_control_bridge/build --no-deps symlink_data
[1.851s] Level 1:colcon.colcon_core.shell:create_environment_hook('ackermann_control_bridge', 'pythonpath_develop')
[1.852s] DEBUG:colcon.colcon_core.event_handler.log_command:Invoked command in '/home/fenixhub/ackermann_ws/build/ackermann_control_bridge' returned '0': PYTHONPATH=/home/fenixhub/ackermann_ws/build/ackermann_control_bridge/prefix_override:/usr/lib/python3/dist-packages/colcon_core/task/python/colcon_distutils_commands:/home/fenixhub/ackermann_ws/install/ackermann_control_bridge/lib/python3.8/site-packages:${PYTHONPATH} /usr/bin/python3 -W ignore:setup.py install is deprecated -W ignore:easy_install command is deprecated setup.py develop --editable --build-directory /home/fenixhub/ackermann_ws/build/ackermann_control_bridge/build --no-deps symlink_data
[1.852s] INFO:colcon.colcon_core.shell:Creating environment hook '/home/fenixhub/ackermann_ws/build/ackermann_control_bridge/share/ackermann_control_bridge/hook/pythonpath_develop.ps1'
[1.853s] INFO:colcon.colcon_core.shell:Creating environment descriptor '/home/fenixhub/ackermann_ws/build/ackermann_control_bridge/share/ackermann_control_bridge/hook/pythonpath_develop.dsv'
[1.854s] INFO:colcon.colcon_core.shell:Creating environment hook '/home/fenixhub/ackermann_ws/build/ackermann_control_bridge/share/ackermann_control_bridge/hook/pythonpath_develop.sh'
[1.854s] Level 1:colcon.colcon_core.environment:checking '/home/fenixhub/ackermann_ws/install/ackermann_control_bridge' for CMake module files
[1.855s] Level 1:colcon.colcon_core.environment:checking '/home/fenixhub/ackermann_ws/install/ackermann_control_bridge' for CMake config files
[1.855s] Level 1:colcon.colcon_core.environment:checking '/home/fenixhub/ackermann_ws/install/ackermann_control_bridge/lib'
[1.855s] Level 1:colcon.colcon_core.environment:checking '/home/fenixhub/ackermann_ws/install/ackermann_control_bridge/bin'
[1.855s] Level 1:colcon.colcon_core.environment:checking '/home/fenixhub/ackermann_ws/install/ackermann_control_bridge/lib/pkgconfig/ackermann_control_bridge.pc'
[1.856s] Level 1:colcon.colcon_core.environment:checking '/home/fenixhub/ackermann_ws/install/ackermann_control_bridge/lib/python3.8/site-packages'
[1.856s] Level 1:colcon.colcon_core.shell:create_environment_hook('ackermann_control_bridge', 'pythonpath')
[1.856s] INFO:colcon.colcon_core.shell:Creating environment hook '/home/fenixhub/ackermann_ws/install/ackermann_control_bridge/share/ackermann_control_bridge/hook/pythonpath.ps1'
[1.857s] INFO:colcon.colcon_core.shell:Creating environment descriptor '/home/fenixhub/ackermann_ws/install/ackermann_control_bridge/share/ackermann_control_bridge/hook/pythonpath.dsv'
[1.857s] INFO:colcon.colcon_core.shell:Creating environment hook '/home/fenixhub/ackermann_ws/install/ackermann_control_bridge/share/ackermann_control_bridge/hook/pythonpath.sh'
[1.857s] Level 1:colcon.colcon_core.environment:checking '/home/fenixhub/ackermann_ws/install/ackermann_control_bridge/bin'
[1.857s] Level 1:colcon.colcon_core.environment:create_environment_scripts_only(ackermann_control_bridge)
[1.858s] INFO:colcon.colcon_core.shell:Creating package script '/home/fenixhub/ackermann_ws/install/ackermann_control_bridge/share/ackermann_control_bridge/package.ps1'
[1.858s] INFO:colcon.colcon_core.shell:Creating package descriptor '/home/fenixhub/ackermann_ws/install/ackermann_control_bridge/share/ackermann_control_bridge/package.dsv'
[1.859s] INFO:colcon.colcon_core.shell:Creating package script '/home/fenixhub/ackermann_ws/install/ackermann_control_bridge/share/ackermann_control_bridge/package.sh'
[1.859s] INFO:colcon.colcon_core.shell:Creating package script '/home/fenixhub/ackermann_ws/install/ackermann_control_bridge/share/ackermann_control_bridge/package.bash'
[1.860s] INFO:colcon.colcon_core.shell:Creating package script '/home/fenixhub/ackermann_ws/install/ackermann_control_bridge/share/ackermann_control_bridge/package.zsh'
[1.860s] Level 1:colcon.colcon_core.environment:create_file_with_runtime_dependencies(/home/fenixhub/ackermann_ws/install/ackermann_control_bridge/share/colcon-core/packages/ackermann_control_bridge)
[1.860s] DEBUG:colcon.colcon_parallel_executor.executor.parallel:closing loop
[1.861s] DEBUG:colcon.colcon_parallel_executor.executor.parallel:loop closed
[1.861s] DEBUG:colcon.colcon_parallel_executor.executor.parallel:run_until_complete finished with '0'
[1.861s] DEBUG:colcon.colcon_core.event_reactor:joining thread
[1.866s] INFO:colcon.colcon_core.plugin_system:Skipping extension 'colcon_notification.desktop_notification.terminal_notifier': Not used on non-Darwin systems
[1.867s] INFO:colcon.colcon_core.plugin_system:Skipping extension 'colcon_notification.desktop_notification.win32': Not used on non-Windows systems
[1.867s] INFO:colcon.colcon_notification.desktop_notification:Sending desktop notification using 'notify2'
[1.881s] DEBUG:colcon.colcon_core.event_reactor:joined thread
[1.882s] INFO:colcon.colcon_core.shell:Creating prefix script '/home/fenixhub/ackermann_ws/install/local_setup.ps1'
[1.882s] INFO:colcon.colcon_core.shell:Creating prefix util module '/home/fenixhub/ackermann_ws/install/_local_setup_util_ps1.py'
[1.884s] INFO:colcon.colcon_core.shell:Creating prefix chain script '/home/fenixhub/ackermann_ws/install/setup.ps1'
[1.886s] INFO:colcon.colcon_core.shell:Creating prefix script '/home/fenixhub/ackermann_ws/install/local_setup.sh'
[1.886s] INFO:colcon.colcon_core.shell:Creating prefix util module '/home/fenixhub/ackermann_ws/install/_local_setup_util_sh.py'
[1.887s] INFO:colcon.colcon_core.shell:Creating prefix chain script '/home/fenixhub/ackermann_ws/install/setup.sh'
[1.888s] INFO:colcon.colcon_core.shell:Creating prefix script '/home/fenixhub/ackermann_ws/install/local_setup.bash'
[1.888s] INFO:colcon.colcon_core.shell:Creating prefix chain script '/home/fenixhub/ackermann_ws/install/setup.bash'
[1.889s] INFO:colcon.colcon_core.shell:Creating prefix script '/home/fenixhub/ackermann_ws/install/local_setup.zsh'
[1.890s] INFO:colcon.colcon_core.shell:Creating prefix chain script '/home/fenixhub/ackermann_ws/install/setup.zsh'
