[0.596s] Invoking command in '/home/fenixhub/ackermann_ws/build/ackermann_robot_description': CMAKE_PREFIX_PATH=${CMAKE_PREFIX_PATH}:/home/fenixhub/ackermann_ws/install/ackermann_control_bridge:/opt/ros/foxy /usr/bin/cmake --build /home/fenixhub/ackermann_ws/build/ackermann_robot_description -- -j12 -l12
[0.695s] Invoked command in '/home/fenixhub/ackermann_ws/build/ackermann_robot_description' returned '0': CMAKE_PREFIX_PATH=${CMAKE_PREFIX_PATH}:/home/fenixhub/ackermann_ws/install/ackermann_control_bridge:/opt/ros/foxy /usr/bin/cmake --build /home/fenixhub/ackermann_ws/build/ackermann_robot_description -- -j12 -l12
[0.735s] Invoking command in '/home/fenixhub/ackermann_ws/build/ackermann_robot_description': CMAKE_PREFIX_PATH=${CMAKE_PREFIX_PATH}:/home/fenixhub/ackermann_ws/install/ackermann_control_bridge:/opt/ros/foxy /usr/bin/cmake --install /home/fenixhub/ackermann_ws/build/ackermann_robot_description
[0.770s] -- Install configuration: ""
[0.771s] -- Execute custom install script
[0.774s] -- Up-to-date symlink: /home/fenixhub/ackermann_ws/install/ackermann_robot_description/share/ackermann_robot_description/urdf/urdf/ackermann_robot.urdf.xacro
[0.776s] -- Up-to-date symlink: /home/fenixhub/ackermann_ws/install/ackermann_robot_description/share/ackermann_robot_description/config/ros2_control.yaml
[0.777s] -- Up-to-date symlink: /home/fenixhub/ackermann_ws/install/ackermann_robot_description/share/ament_index/resource_index/package_run_dependencies/ackermann_robot_description
[0.778s] -- Up-to-date symlink: /home/fenixhub/ackermann_ws/install/ackermann_robot_description/share/ament_index/resource_index/parent_prefix_path/ackermann_robot_description
[0.779s] -- Up-to-date symlink: /home/fenixhub/ackermann_ws/install/ackermann_robot_description/share/ackermann_robot_description/environment/ament_prefix_path.sh
[0.781s] -- Up-to-date symlink: /home/fenixhub/ackermann_ws/install/ackermann_robot_description/share/ackermann_robot_description/environment/ament_prefix_path.dsv
[0.782s] -- Up-to-date symlink: /home/fenixhub/ackermann_ws/install/ackermann_robot_description/share/ackermann_robot_description/environment/path.sh
[0.783s] -- Up-to-date symlink: /home/fenixhub/ackermann_ws/install/ackermann_robot_description/share/ackermann_robot_description/environment/path.dsv
[0.784s] -- Up-to-date symlink: /home/fenixhub/ackermann_ws/install/ackermann_robot_description/share/ackermann_robot_description/local_setup.bash
[0.785s] -- Up-to-date symlink: /home/fenixhub/ackermann_ws/install/ackermann_robot_description/share/ackermann_robot_description/local_setup.sh
[0.786s] -- Up-to-date symlink: /home/fenixhub/ackermann_ws/install/ackermann_robot_description/share/ackermann_robot_description/local_setup.zsh
[0.787s] -- Up-to-date symlink: /home/fenixhub/ackermann_ws/install/ackermann_robot_description/share/ackermann_robot_description/local_setup.dsv
[0.788s] -- Symlinking: /home/fenixhub/ackermann_ws/install/ackermann_robot_description/share/ackermann_robot_description/package.dsv
[0.825s] -- Up-to-date symlink: /home/fenixhub/ackermann_ws/install/ackermann_robot_description/share/ament_index/resource_index/packages/ackermann_robot_description
[0.826s] -- Up-to-date symlink: /home/fenixhub/ackermann_ws/install/ackermann_robot_description/share/ackermann_robot_description/cmake/ackermann_robot_descriptionConfig.cmake
[0.826s] -- Up-to-date symlink: /home/fenixhub/ackermann_ws/install/ackermann_robot_description/share/ackermann_robot_description/cmake/ackermann_robot_descriptionConfig-version.cmake
[0.827s] -- Up-to-date symlink: /home/fenixhub/ackermann_ws/install/ackermann_robot_description/share/ackermann_robot_description/package.xml
[0.827s] -- Up-to-date: /home/fenixhub/ackermann_ws/install/ackermann_robot_description/share/ackermann_robot_description/launch/launch
[0.828s] -- Up-to-date: /home/fenixhub/ackermann_ws/install/ackermann_robot_description/share/ackermann_robot_description/launch/launch/spawn_ackermann.launch.py
[0.828s] -- Up-to-date: /home/fenixhub/ackermann_ws/install/ackermann_robot_description/share/ackermann_robot_description/launch/launch/ackermann_controllers.launch.py
[0.828s] -- Up-to-date: /home/fenixhub/ackermann_ws/install/ackermann_robot_description/share/ackermann_robot_description/worlds
[0.828s] -- Up-to-date: /home/fenixhub/ackermann_ws/install/ackermann_robot_description/share/ackermann_robot_description/worlds/empty.world
[0.833s] Invoked command in '/home/fenixhub/ackermann_ws/build/ackermann_robot_description' returned '0': CMAKE_PREFIX_PATH=${CMAKE_PREFIX_PATH}:/home/fenixhub/ackermann_ws/install/ackermann_control_bridge:/opt/ros/foxy /usr/bin/cmake --install /home/fenixhub/ackermann_ws/build/ackermann_robot_description
