[0.387s] Invoking command in '/home/fenixhub/ackermann_ws/build/ackermann_robot_navigation': CMAKE_PREFIX_PATH=${CMAKE_PREFIX_PATH}:/home/fenixhub/ackermann_ws/install/ackermann_control_bridge:/opt/ros/foxy /usr/bin/cmake --build /home/fenixhub/ackermann_ws/build/ackermann_robot_navigation -- -j12 -l12
[0.441s] -- Found ament_cmake: 0.9.12 (/opt/ros/foxy/share/ament_cmake/cmake)
[0.492s] -- Using PYTHON_EXECUTABLE: /usr/bin/python3
[0.810s] -- Override CMake install command with custom implementation using symlinks instead of copying resources
[0.823s] -- Found nav2_bringup: 0.4.7 (/opt/ros/foxy/share/nav2_bringup/cmake)
[0.824s] -- Found nav2_amcl: 0.4.7 (/opt/ros/foxy/share/nav2_amcl/cmake)
[0.885s] -- Using all available rosidl_typesupport_c: rosidl_typesupport_fastrtps_c;rosidl_typesupport_introspection_c
[0.890s] -- Found rosidl_adapter: 1.3.1 (/opt/ros/foxy/share/rosidl_adapter/cmake)
[1.102s] -- Using all available rosidl_typesupport_cpp: rosidl_typesupport_fastrtps_cpp;rosidl_typesupport_introspection_cpp
[1.184s] -- Found rmw_implementation_cmake: 1.0.4 (/opt/ros/foxy/share/rmw_implementation_cmake/cmake)
[1.186s] -- Using RMW implementation 'rmw_fastrtps_cpp' as default
[1.563s] -- Found eigen3_cmake_module: 0.1.1 (/opt/ros/foxy/share/eigen3_cmake_module/cmake)
[3.700s] -- Found nav2_map_server: 0.4.7 (/opt/ros/foxy/share/nav2_map_server/cmake)
[3.703s] -- Found nav2_lifecycle_manager: 0.4.7 (/opt/ros/foxy/share/nav2_lifecycle_manager/cmake)
[4.349s] -- Found nav2_planner: 0.4.7 (/opt/ros/foxy/share/nav2_planner/cmake)
[8.141s] -- Found nav2_controller: 0.4.7 (/opt/ros/foxy/share/nav2_controller/cmake)
[8.144s] -- Found nav2_recoveries: 0.4.7 (/opt/ros/foxy/share/nav2_recoveries/cmake)
[8.148s] -- Found ament_lint_auto: 0.9.8 (/opt/ros/foxy/share/ament_lint_auto/cmake)
[8.254s] -- Added test 'copyright' to check source files copyright and LICENSE
[8.258s] -- Added test 'flake8' to check Python code syntax and style conventions
[8.259s] -- Added test 'lint_cmake' to check CMake code style
[8.260s] -- Added test 'pep257' to check Python code against some of the style conventions in PEP 257
[8.262s] -- Added test 'xmllint' to check XML markup files
[8.269s] -- Configuring done
[8.273s] -- Generating done
[8.277s] -- Build files have been written to: /home/fenixhub/ackermann_ws/build/ackermann_robot_navigation
[8.320s] Invoked command in '/home/fenixhub/ackermann_ws/build/ackermann_robot_navigation' returned '0': CMAKE_PREFIX_PATH=${CMAKE_PREFIX_PATH}:/home/fenixhub/ackermann_ws/install/ackermann_control_bridge:/opt/ros/foxy /usr/bin/cmake --build /home/fenixhub/ackermann_ws/build/ackermann_robot_navigation -- -j12 -l12
[8.326s] Invoking command in '/home/fenixhub/ackermann_ws/build/ackermann_robot_navigation': CMAKE_PREFIX_PATH=${CMAKE_PREFIX_PATH}:/home/fenixhub/ackermann_ws/install/ackermann_control_bridge:/opt/ros/foxy /usr/bin/cmake --install /home/fenixhub/ackermann_ws/build/ackermann_robot_navigation
[8.342s] -- Install configuration: ""
[8.343s] -- Execute custom install script
[8.344s] -- Symlinking: /home/fenixhub/ackermann_ws/install/ackermann_robot_navigation/share/ackermann_robot_navigation/maps/maps/blank_map.pgm
[8.359s] -- Symlinking: /home/fenixhub/ackermann_ws/install/ackermann_robot_navigation/share/ackermann_robot_navigation/maps/maps/blank_map.yaml
[8.375s] CMake Error at ament_cmake_symlink_install/ament_cmake_symlink_install.cmake:100 (message):
[8.375s]   ament_cmake_symlink_install_directory() can't find
[8.375s]   '/home/fenixhub/ackermann_ws/src/ackermann_robot_navigation/config'
[8.375s] Call Stack (most recent call first):
[8.375s]   ament_cmake_symlink_install/ament_cmake_symlink_install.cmake:317 (ament_cmake_symlink_install_directory)
[8.376s]   cmake_install.cmake:41 (include)
[8.376s] 
[8.376s] 
[8.378s] Invoked command in '/home/fenixhub/ackermann_ws/build/ackermann_robot_navigation' returned '1': CMAKE_PREFIX_PATH=${CMAKE_PREFIX_PATH}:/home/fenixhub/ackermann_ws/install/ackermann_control_bridge:/opt/ros/foxy /usr/bin/cmake --install /home/fenixhub/ackermann_ws/build/ackermann_robot_navigation
