[0.641s] Invoking command in '/home/fenixhub/ackermann_ws/build/ackermann_robot_description': CMAKE_PREFIX_PATH=${CMAKE_PREFIX_PATH}:/home/fenixhub/ackermann_ws/install/ackermann_control_bridge:/opt/ros/foxy /usr/bin/cmake --build /home/fenixhub/ackermann_ws/build/ackermann_robot_description -- -j12 -l12
[0.759s] Invoked command in '/home/fenixhub/ackermann_ws/build/ackermann_robot_description' returned '0': CMAKE_PREFIX_PATH=${CMAKE_PREFIX_PATH}:/home/fenixhub/ackermann_ws/install/ackermann_control_bridge:/opt/ros/foxy /usr/bin/cmake --build /home/fenixhub/ackermann_ws/build/ackermann_robot_description -- -j12 -l12
[0.793s] Invoking command in '/home/fenixhub/ackermann_ws/build/ackermann_robot_description': CMAKE_PREFIX_PATH=${CMAKE_PREFIX_PATH}:/home/fenixhub/ackermann_ws/install/ackermann_control_bridge:/opt/ros/foxy /usr/bin/cmake --install /home/fenixhub/ackermann_ws/build/ackermann_robot_description
[0.812s] -- Install configuration: ""
[0.813s] -- Execute custom install script
[0.814s] -- Up-to-date symlink: /home/fenixhub/ackermann_ws/install/ackermann_robot_description/share/ackermann_robot_description/urdf/urdf/ackermann_robot.urdf.xacro
[0.815s] -- Up-to-date symlink: /home/fenixhub/ackermann_ws/install/ackermann_robot_description/share/ackermann_robot_description/config/ros2_control.yaml
[0.817s] -- Up-to-date symlink: /home/fenixhub/ackermann_ws/install/ackermann_robot_description/share/ament_index/resource_index/package_run_dependencies/ackermann_robot_description
[0.818s] -- Up-to-date symlink: /home/fenixhub/ackermann_ws/install/ackermann_robot_description/share/ament_index/resource_index/parent_prefix_path/ackermann_robot_description
[0.819s] -- Up-to-date symlink: /home/fenixhub/ackermann_ws/install/ackermann_robot_description/share/ackermann_robot_description/environment/ament_prefix_path.sh
[0.820s] -- Up-to-date symlink: /home/fenixhub/ackermann_ws/install/ackermann_robot_description/share/ackermann_robot_description/environment/ament_prefix_path.dsv
[0.821s] -- Up-to-date symlink: /home/fenixhub/ackermann_ws/install/ackermann_robot_description/share/ackermann_robot_description/environment/path.sh
[0.822s] -- Up-to-date symlink: /home/fenixhub/ackermann_ws/install/ackermann_robot_description/share/ackermann_robot_description/environment/path.dsv
[0.822s] -- Up-to-date symlink: /home/fenixhub/ackermann_ws/install/ackermann_robot_description/share/ackermann_robot_description/local_setup.bash
[0.823s] -- Up-to-date symlink: /home/fenixhub/ackermann_ws/install/ackermann_robot_description/share/ackermann_robot_description/local_setup.sh
[0.824s] -- Up-to-date symlink: /home/fenixhub/ackermann_ws/install/ackermann_robot_description/share/ackermann_robot_description/local_setup.zsh
[0.825s] -- Up-to-date symlink: /home/fenixhub/ackermann_ws/install/ackermann_robot_description/share/ackermann_robot_description/local_setup.dsv
[0.826s] -- Symlinking: /home/fenixhub/ackermann_ws/install/ackermann_robot_description/share/ackermann_robot_description/package.dsv
[0.852s] -- Up-to-date symlink: /home/fenixhub/ackermann_ws/install/ackermann_robot_description/share/ament_index/resource_index/packages/ackermann_robot_description
[0.853s] -- Up-to-date symlink: /home/fenixhub/ackermann_ws/install/ackermann_robot_description/share/ackermann_robot_description/cmake/ackermann_robot_descriptionConfig.cmake
[0.854s] -- Up-to-date symlink: /home/fenixhub/ackermann_ws/install/ackermann_robot_description/share/ackermann_robot_description/cmake/ackermann_robot_descriptionConfig-version.cmake
[0.855s] -- Up-to-date symlink: /home/fenixhub/ackermann_ws/install/ackermann_robot_description/share/ackermann_robot_description/package.xml
[0.855s] -- Up-to-date: /home/fenixhub/ackermann_ws/install/ackermann_robot_description/share/ackermann_robot_description/launch/launch
[0.855s] -- Up-to-date: /home/fenixhub/ackermann_ws/install/ackermann_robot_description/share/ackermann_robot_description/launch/launch/spawn_ackermann.launch.py
[0.856s] -- Installing: /home/fenixhub/ackermann_ws/install/ackermann_robot_description/share/ackermann_robot_description/launch/launch/ackermann_controllers.launch.py
[0.856s] -- Up-to-date: /home/fenixhub/ackermann_ws/install/ackermann_robot_description/share/ackermann_robot_description/worlds
[0.856s] -- Up-to-date: /home/fenixhub/ackermann_ws/install/ackermann_robot_description/share/ackermann_robot_description/worlds/empty.world
[0.861s] Invoked command in '/home/fenixhub/ackermann_ws/build/ackermann_robot_description' returned '0': CMAKE_PREFIX_PATH=${CMAKE_PREFIX_PATH}:/home/fenixhub/ackermann_ws/install/ackermann_control_bridge:/opt/ros/foxy /usr/bin/cmake --install /home/fenixhub/ackermann_ws/build/ackermann_robot_description
