-- Found ament_cmake: 0.9.12 (/opt/ros/foxy/share/ament_cmake/cmake)
-- Using PYTHON_EXECUTABLE: /usr/bin/python3
-- Override CMake install command with custom implementation using symlinks instead of copying resources
-- Found nav2_bringup: 0.4.7 (/opt/ros/foxy/share/nav2_bringup/cmake)
-- Found nav2_amcl: 0.4.7 (/opt/ros/foxy/share/nav2_amcl/cmake)
-- Using all available rosidl_typesupport_c: rosidl_typesupport_fastrtps_c;rosidl_typesupport_introspection_c
-- Found rosidl_adapter: 1.3.1 (/opt/ros/foxy/share/rosidl_adapter/cmake)
-- Using all available rosidl_typesupport_cpp: rosidl_typesupport_fastrtps_cpp;rosidl_typesupport_introspection_cpp
-- Found rmw_implementation_cmake: 1.0.4 (/opt/ros/foxy/share/rmw_implementation_cmake/cmake)
-- Using RMW implementation 'rmw_fastrtps_cpp' as default
-- Found eigen3_cmake_module: 0.1.1 (/opt/ros/foxy/share/eigen3_cmake_module/cmake)
-- Found nav2_map_server: 0.4.7 (/opt/ros/foxy/share/nav2_map_server/cmake)
-- Found nav2_lifecycle_manager: 0.4.7 (/opt/ros/foxy/share/nav2_lifecycle_manager/cmake)
-- Found nav2_planner: 0.4.7 (/opt/ros/foxy/share/nav2_planner/cmake)
-- Found nav2_controller: 0.4.7 (/opt/ros/foxy/share/nav2_controller/cmake)
-- Found nav2_recoveries: 0.4.7 (/opt/ros/foxy/share/nav2_recoveries/cmake)
-- Found ament_lint_auto: 0.9.8 (/opt/ros/foxy/share/ament_lint_auto/cmake)
-- Added test 'copyright' to check source files copyright and LICENSE
-- Added test 'flake8' to check Python code syntax and style conventions
-- Added test 'lint_cmake' to check CMake code style
-- Added test 'pep257' to check Python code against some of the style conventions in PEP 257
-- Added test 'xmllint' to check XML markup files
-- Configuring done
-- Generating done
-- Build files have been written to: /home/fenixhub/ackermann_ws/build/ackermann_robot_navigation
-- Install configuration: ""
-- Execute custom install script
-- Up-to-date symlink: /home/fenixhub/ackermann_ws/install/ackermann_robot_navigation/share/ackermann_robot_navigation/maps/maps/blank_map.pgm
-- Up-to-date symlink: /home/fenixhub/ackermann_ws/install/ackermann_robot_navigation/share/ackermann_robot_navigation/maps/maps/blank_map.yaml
-- Up-to-date symlink: /home/fenixhub/ackermann_ws/install/ackermann_robot_navigation/share/ament_index/resource_index/package_run_dependencies/ackermann_robot_navigation
-- Up-to-date symlink: /home/fenixhub/ackermann_ws/install/ackermann_robot_navigation/share/ament_index/resource_index/parent_prefix_path/ackermann_robot_navigation
-- Up-to-date symlink: /home/fenixhub/ackermann_ws/install/ackermann_robot_navigation/share/ackermann_robot_navigation/environment/ament_prefix_path.sh
-- Up-to-date symlink: /home/fenixhub/ackermann_ws/install/ackermann_robot_navigation/share/ackermann_robot_navigation/environment/ament_prefix_path.dsv
-- Up-to-date symlink: /home/fenixhub/ackermann_ws/install/ackermann_robot_navigation/share/ackermann_robot_navigation/environment/path.sh
-- Up-to-date symlink: /home/fenixhub/ackermann_ws/install/ackermann_robot_navigation/share/ackermann_robot_navigation/environment/path.dsv
-- Up-to-date symlink: /home/fenixhub/ackermann_ws/install/ackermann_robot_navigation/share/ackermann_robot_navigation/local_setup.bash
-- Up-to-date symlink: /home/fenixhub/ackermann_ws/install/ackermann_robot_navigation/share/ackermann_robot_navigation/local_setup.sh
-- Up-to-date symlink: /home/fenixhub/ackermann_ws/install/ackermann_robot_navigation/share/ackermann_robot_navigation/local_setup.zsh
-- Up-to-date symlink: /home/fenixhub/ackermann_ws/install/ackermann_robot_navigation/share/ackermann_robot_navigation/local_setup.dsv
-- Symlinking: /home/fenixhub/ackermann_ws/install/ackermann_robot_navigation/share/ackermann_robot_navigation/package.dsv
-- Up-to-date symlink: /home/fenixhub/ackermann_ws/install/ackermann_robot_navigation/share/ament_index/resource_index/packages/ackermann_robot_navigation
-- Up-to-date symlink: /home/fenixhub/ackermann_ws/install/ackermann_robot_navigation/share/ackermann_robot_navigation/cmake/ackermann_robot_navigationConfig.cmake
-- Up-to-date symlink: /home/fenixhub/ackermann_ws/install/ackermann_robot_navigation/share/ackermann_robot_navigation/cmake/ackermann_robot_navigationConfig-version.cmake
-- Up-to-date symlink: /home/fenixhub/ackermann_ws/install/ackermann_robot_navigation/share/ackermann_robot_navigation/package.xml
-- Installing: /home/fenixhub/ackermann_ws/install/ackermann_robot_navigation/share/ackermann_robot_navigation/launch/launch
-- Installing: /home/fenixhub/ackermann_ws/install/ackermann_robot_navigation/share/ackermann_robot_navigation/launch/launch/bringup_all.launch.py
-- Installing: /home/fenixhub/ackermann_ws/install/ackermann_robot_navigation/share/ackermann_robot_navigation/launch/launch/nav2_bringup.launch.py
