-- Install configuration: ""
-- Execute custom install script
-- Up-to-date symlink: /home/fenixhub/ackermann_ws/install/ackermann_robot_navigation/share/ackermann_robot_navigation/maps/maps/blank_map.pgm
-- Up-to-date symlink: /home/fenixhub/ackermann_ws/install/ackermann_robot_navigation/share/ackermann_robot_navigation/maps/maps/blank_map.yaml
-- Up-to-date symlink: /home/fenixhub/ackermann_ws/install/ackermann_robot_navigation/share/ament_index/resource_index/package_run_dependencies/ackermann_robot_navigation
-- Up-to-date symlink: /home/fenixhub/ackermann_ws/install/ackermann_robot_navigation/share/ament_index/resource_index/parent_prefix_path/ackermann_robot_navigation
-- Up-to-date symlink: /home/fenixhub/ackermann_ws/install/ackermann_robot_navigation/share/ackermann_robot_navigation/environment/ament_prefix_path.sh
-- Up-to-date symlink: /home/fenixhub/ackermann_ws/install/ackermann_robot_navigation/share/ackermann_robot_navigation/environment/ament_prefix_path.dsv
-- Up-to-date symlink: /home/fenixhub/ackermann_ws/install/ackermann_robot_navigation/share/ackermann_robot_navigation/environment/path.sh
-- Up-to-date symlink: /home/fenixhub/ackermann_ws/install/ackermann_robot_navigation/share/ackermann_robot_navigation/environment/path.dsv
-- Up-to-date symlink: /home/fenixhub/ackermann_ws/install/ackermann_robot_navigation/share/ackermann_robot_navigation/local_setup.bash
-- Up-to-date symlink: /home/fenixhub/ackermann_ws/install/ackermann_robot_navigation/share/ackermann_robot_navigation/local_setup.sh
-- Up-to-date symlink: /home/fenixhub/ackermann_ws/install/ackermann_robot_navigation/share/ackermann_robot_navigation/local_setup.zsh
-- Up-to-date symlink: /home/fenixhub/ackermann_ws/install/ackermann_robot_navigation/share/ackermann_robot_navigation/local_setup.dsv
-- Symlinking: /home/fenixhub/ackermann_ws/install/ackermann_robot_navigation/share/ackermann_robot_navigation/package.dsv
-- Up-to-date symlink: /home/fenixhub/ackermann_ws/install/ackermann_robot_navigation/share/ament_index/resource_index/packages/ackermann_robot_navigation
-- Up-to-date symlink: /home/fenixhub/ackermann_ws/install/ackermann_robot_navigation/share/ackermann_robot_navigation/cmake/ackermann_robot_navigationConfig.cmake
-- Up-to-date symlink: /home/fenixhub/ackermann_ws/install/ackermann_robot_navigation/share/ackermann_robot_navigation/cmake/ackermann_robot_navigationConfig-version.cmake
-- Up-to-date symlink: /home/fenixhub/ackermann_ws/install/ackermann_robot_navigation/share/ackermann_robot_navigation/package.xml
-- Up-to-date: /home/fenixhub/ackermann_ws/install/ackermann_robot_navigation/share/ackermann_robot_navigation/launch/launch
-- Up-to-date: /home/fenixhub/ackermann_ws/install/ackermann_robot_navigation/share/ackermann_robot_navigation/launch/launch/bringup_all.launch.py
-- Up-to-date: /home/fenixhub/ackermann_ws/install/ackermann_robot_navigation/share/ackermann_robot_navigation/launch/launch/nav2_bringup.launch.py
