[0.012s] Invoking command in '/home/fenixhub/ackermann_ws/build/ackermann_robot_description': CMAKE_PREFIX_PATH=${CMAKE_PREFIX_PATH}:/opt/ros/foxy /usr/bin/cmake --build /home/fenixhub/ackermann_ws/build/ackermann_robot_description -- -j12 -l12
[0.053s] Invoked command in '/home/fenixhub/ackermann_ws/build/ackermann_robot_description' returned '0': CMAKE_PREFIX_PATH=${CMAKE_PREFIX_PATH}:/opt/ros/foxy /usr/bin/cmake --build /home/fenixhub/ackermann_ws/build/ackermann_robot_description -- -j12 -l12
[0.065s] Invoking command in '/home/fenixhub/ackermann_ws/build/ackermann_robot_description': CMAKE_PREFIX_PATH=${CMAKE_PREFIX_PATH}:/opt/ros/foxy /usr/bin/cmake --install /home/fenixhub/ackermann_ws/build/ackermann_robot_description
[0.073s] -- Install configuration: ""
[0.073s] -- Execute custom install script
[0.073s] -- Up-to-date symlink: /home/fenixhub/ackermann_ws/install/ackermann_robot_description/share/ackermann_robot_description/urdf/ackermann_robot.urdf.xacro
[0.074s] -- Up-to-date symlink: /home/fenixhub/ackermann_ws/install/ackermann_robot_description/share/ament_index/resource_index/package_run_dependencies/ackermann_robot_description
[0.074s] -- Up-to-date symlink: /home/fenixhub/ackermann_ws/install/ackermann_robot_description/share/ament_index/resource_index/parent_prefix_path/ackermann_robot_description
[0.074s] -- Up-to-date symlink: /home/fenixhub/ackermann_ws/install/ackermann_robot_description/share/ackermann_robot_description/environment/ament_prefix_path.sh
[0.075s] -- Up-to-date symlink: /home/fenixhub/ackermann_ws/install/ackermann_robot_description/share/ackermann_robot_description/environment/ament_prefix_path.dsv
[0.075s] -- Up-to-date symlink: /home/fenixhub/ackermann_ws/install/ackermann_robot_description/share/ackermann_robot_description/environment/path.sh
[0.075s] -- Up-to-date symlink: /home/fenixhub/ackermann_ws/install/ackermann_robot_description/share/ackermann_robot_description/environment/path.dsv
[0.075s] -- Up-to-date symlink: /home/fenixhub/ackermann_ws/install/ackermann_robot_description/share/ackermann_robot_description/local_setup.bash
[0.075s] -- Up-to-date symlink: /home/fenixhub/ackermann_ws/install/ackermann_robot_description/share/ackermann_robot_description/local_setup.sh
[0.076s] -- Up-to-date symlink: /home/fenixhub/ackermann_ws/install/ackermann_robot_description/share/ackermann_robot_description/local_setup.zsh
[0.076s] -- Up-to-date symlink: /home/fenixhub/ackermann_ws/install/ackermann_robot_description/share/ackermann_robot_description/local_setup.dsv
[0.076s] -- Symlinking: /home/fenixhub/ackermann_ws/install/ackermann_robot_description/share/ackermann_robot_description/package.dsv
[0.085s] -- Up-to-date symlink: /home/fenixhub/ackermann_ws/install/ackermann_robot_description/share/ament_index/resource_index/packages/ackermann_robot_description
[0.085s] -- Up-to-date symlink: /home/fenixhub/ackermann_ws/install/ackermann_robot_description/share/ackermann_robot_description/cmake/ackermann_robot_descriptionConfig.cmake
[0.086s] -- Up-to-date symlink: /home/fenixhub/ackermann_ws/install/ackermann_robot_description/share/ackermann_robot_description/cmake/ackermann_robot_descriptionConfig-version.cmake
[0.086s] -- Up-to-date symlink: /home/fenixhub/ackermann_ws/install/ackermann_robot_description/share/ackermann_robot_description/package.xml
[0.088s] Invoked command in '/home/fenixhub/ackermann_ws/build/ackermann_robot_description' returned '0': CMAKE_PREFIX_PATH=${CMAKE_PREFIX_PATH}:/opt/ros/foxy /usr/bin/cmake --install /home/fenixhub/ackermann_ws/build/ackermann_robot_description
