[1.149s] Invoking command in '/home/fenixhub/ackermann_ws/build/ackermann_control_bridge': PYTHONPATH=/home/fenixhub/ackermann_ws/build/ackermann_control_bridge/prefix_override:/usr/lib/python3/dist-packages/colcon_core/task/python/colcon_distutils_commands:/home/fenixhub/ackermann_ws/install/ackermann_control_bridge/lib/python3.8/site-packages:${PYTHONPATH} /usr/bin/python3 -W ignore:setup.py install is deprecated -W ignore:easy_install command is deprecated setup.py develop --editable --build-directory /home/fenixhub/ackermann_ws/build/ackermann_control_bridge/build --no-deps symlink_data
[1.568s] running develop
[1.778s] running egg_info
[1.779s] creating ackermann_control_bridge.egg-info
[1.779s] writing ackermann_control_bridge.egg-info/PKG-INFO
[1.779s] writing dependency_links to ackermann_control_bridge.egg-info/dependency_links.txt
[1.779s] writing entry points to ackermann_control_bridge.egg-info/entry_points.txt
[1.779s] writing requirements to ackermann_control_bridge.egg-info/requires.txt
[1.780s] writing top-level names to ackermann_control_bridge.egg-info/top_level.txt
[1.791s] writing manifest file 'ackermann_control_bridge.egg-info/SOURCES.txt'
[1.835s] reading manifest file 'ackermann_control_bridge.egg-info/SOURCES.txt'
[1.836s] writing manifest file 'ackermann_control_bridge.egg-info/SOURCES.txt'
[1.890s] running build_ext
[1.890s] Creating /home/fenixhub/ackermann_ws/install/ackermann_control_bridge/lib/python3.8/site-packages/site.py
[1.893s] Creating /home/fenixhub/ackermann_ws/install/ackermann_control_bridge/lib/python3.8/site-packages/ackermann-control-bridge.egg-link (link to .)
[1.894s] Installing ackerman_bridge_node script to /home/fenixhub/ackermann_ws/install/ackermann_control_bridge/lib/ackermann_control_bridge
[1.895s] 
[1.895s] Installed /home/fenixhub/ackermann_ws/build/ackermann_control_bridge
[1.895s] running symlink_data
[1.895s] creating /home/fenixhub/ackermann_ws/install/ackermann_control_bridge/share/ament_index
[1.895s] creating /home/fenixhub/ackermann_ws/install/ackermann_control_bridge/share/ament_index/resource_index
[1.896s] creating /home/fenixhub/ackermann_ws/install/ackermann_control_bridge/share/ament_index/resource_index/packages
[1.896s] symbolically linking /home/fenixhub/ackermann_ws/build/ackermann_control_bridge/resource/ackermann_control_bridge -> /home/fenixhub/ackermann_ws/install/ackermann_control_bridge/share/ament_index/resource_index/packages
[1.896s] symbolically linking /home/fenixhub/ackermann_ws/build/ackermann_control_bridge/package.xml -> /home/fenixhub/ackermann_ws/install/ackermann_control_bridge/share/ackermann_control_bridge
[1.928s] Invoked command in '/home/fenixhub/ackermann_ws/build/ackermann_control_bridge' returned '0': PYTHONPATH=/home/fenixhub/ackermann_ws/build/ackermann_control_bridge/prefix_override:/usr/lib/python3/dist-packages/colcon_core/task/python/colcon_distutils_commands:/home/fenixhub/ackermann_ws/install/ackermann_control_bridge/lib/python3.8/site-packages:${PYTHONPATH} /usr/bin/python3 -W ignore:setup.py install is deprecated -W ignore:easy_install command is deprecated setup.py develop --editable --build-directory /home/fenixhub/ackermann_ws/build/ackermann_control_bridge/build --no-deps symlink_data
