[0.318s] Invoking command in '/home/fenixhub/ackermann_ws/build/ackermann_robot_description': CMAKE_PREFIX_PATH=${CMAKE_PREFIX_PATH}:/home/fenixhub/ackermann_ws/install/ackermann_control_bridge:/opt/ros/foxy /usr/bin/cmake --build /home/fenixhub/ackermann_ws/build/ackermann_robot_description -- -j12 -l12
[0.402s] Invoked command in '/home/fenixhub/ackermann_ws/build/ackermann_robot_description' returned '0': CMAKE_PREFIX_PATH=${CMAKE_PREFIX_PATH}:/home/fenixhub/ackermann_ws/install/ackermann_control_bridge:/opt/ros/foxy /usr/bin/cmake --build /home/fenixhub/ackermann_ws/build/ackermann_robot_description -- -j12 -l12
[0.424s] Invoking command in '/home/fenixhub/ackermann_ws/build/ackermann_robot_description': CMAKE_PREFIX_PATH=${CMAKE_PREFIX_PATH}:/home/fenixhub/ackermann_ws/install/ackermann_control_bridge:/opt/ros/foxy /usr/bin/cmake --install /home/fenixhub/ackermann_ws/build/ackermann_robot_description
[0.437s] -- Install configuration: ""
[0.438s] -- Execute custom install script
[0.439s] -- Up-to-date symlink: /home/fenixhub/ackermann_ws/install/ackermann_robot_description/share/ackermann_robot_description/urdf/urdf/ackermann_robot.urdf.xacro
[0.440s] -- Up-to-date symlink: /home/fenixhub/ackermann_ws/install/ackermann_robot_description/share/ackermann_robot_description/config/ros2_control.yaml
[0.441s] -- Up-to-date symlink: /home/fenixhub/ackermann_ws/install/ackermann_robot_description/share/ament_index/resource_index/package_run_dependencies/ackermann_robot_description
[0.441s] -- Up-to-date symlink: /home/fenixhub/ackermann_ws/install/ackermann_robot_description/share/ament_index/resource_index/parent_prefix_path/ackermann_robot_description
[0.442s] -- Up-to-date symlink: /home/fenixhub/ackermann_ws/install/ackermann_robot_description/share/ackermann_robot_description/environment/ament_prefix_path.sh
[0.442s] -- Up-to-date symlink: /home/fenixhub/ackermann_ws/install/ackermann_robot_description/share/ackermann_robot_description/environment/ament_prefix_path.dsv
[0.443s] -- Up-to-date symlink: /home/fenixhub/ackermann_ws/install/ackermann_robot_description/share/ackermann_robot_description/environment/path.sh
[0.443s] -- Up-to-date symlink: /home/fenixhub/ackermann_ws/install/ackermann_robot_description/share/ackermann_robot_description/environment/path.dsv
[0.444s] -- Up-to-date symlink: /home/fenixhub/ackermann_ws/install/ackermann_robot_description/share/ackermann_robot_description/local_setup.bash
[0.444s] -- Up-to-date symlink: /home/fenixhub/ackermann_ws/install/ackermann_robot_description/share/ackermann_robot_description/local_setup.sh
[0.445s] -- Up-to-date symlink: /home/fenixhub/ackermann_ws/install/ackermann_robot_description/share/ackermann_robot_description/local_setup.zsh
[0.446s] -- Up-to-date symlink: /home/fenixhub/ackermann_ws/install/ackermann_robot_description/share/ackermann_robot_description/local_setup.dsv
[0.446s] -- Symlinking: /home/fenixhub/ackermann_ws/install/ackermann_robot_description/share/ackermann_robot_description/package.dsv
[0.460s] -- Up-to-date symlink: /home/fenixhub/ackermann_ws/install/ackermann_robot_description/share/ament_index/resource_index/packages/ackermann_robot_description
[0.460s] -- Up-to-date symlink: /home/fenixhub/ackermann_ws/install/ackermann_robot_description/share/ackermann_robot_description/cmake/ackermann_robot_descriptionConfig.cmake
[0.461s] -- Up-to-date symlink: /home/fenixhub/ackermann_ws/install/ackermann_robot_description/share/ackermann_robot_description/cmake/ackermann_robot_descriptionConfig-version.cmake
[0.461s] -- Up-to-date symlink: /home/fenixhub/ackermann_ws/install/ackermann_robot_description/share/ackermann_robot_description/package.xml
[0.461s] -- Up-to-date: /home/fenixhub/ackermann_ws/install/ackermann_robot_description/share/ackermann_robot_description/launch/launch
[0.462s] -- Up-to-date: /home/fenixhub/ackermann_ws/install/ackermann_robot_description/share/ackermann_robot_description/launch/launch/spawn_ackermann.launch.py
[0.462s] -- Installing: /home/fenixhub/ackermann_ws/install/ackermann_robot_description/share/ackermann_robot_description/launch/launch/ackermann_controllers.launch.py
[0.462s] -- Up-to-date: /home/fenixhub/ackermann_ws/install/ackermann_robot_description/share/ackermann_robot_description/worlds
[0.463s] -- Up-to-date: /home/fenixhub/ackermann_ws/install/ackermann_robot_description/share/ackermann_robot_description/worlds/empty.world
[0.466s] Invoked command in '/home/fenixhub/ackermann_ws/build/ackermann_robot_description' returned '0': CMAKE_PREFIX_PATH=${CMAKE_PREFIX_PATH}:/home/fenixhub/ackermann_ws/install/ackermann_control_bridge:/opt/ros/foxy /usr/bin/cmake --install /home/fenixhub/ackermann_ws/build/ackermann_robot_description
