-- The C compiler identification is GNU 9.4.0
-- The CXX compiler identification is GNU 9.4.0
-- Check for working C compiler: /usr/bin/cc
-- Check for working C compiler: /usr/bin/cc -- works
-- Detecting C compiler ABI info
-- Detecting C compiler ABI info - done
-- Detecting C compile features
-- Detecting C compile features - done
-- Check for working CXX compiler: /usr/bin/c++
-- Check for working CXX compiler: /usr/bin/c++ -- works
-- Detecting CXX compiler ABI info
-- Detecting CXX compiler ABI info - done
-- Detecting CXX compile features
-- Detecting CXX compile features - done
-- Found ament_cmake: 0.9.12 (/opt/ros/foxy/share/ament_cmake/cmake)
-- Found PythonInterp: /usr/bin/python3 (found suitable version "3.8.10", minimum required is "3") 
-- Using PYTHON_EXECUTABLE: /usr/bin/python3
-- Override CMake install command with custom implementation using symlinks instead of copying resources
-- Found nav2_bringup: 0.4.7 (/opt/ros/foxy/share/nav2_bringup/cmake)
-- Found nav2_amcl: 0.4.7 (/opt/ros/foxy/share/nav2_amcl/cmake)
-- Using all available rosidl_typesupport_c: rosidl_typesupport_fastrtps_c;rosidl_typesupport_introspection_c
-- Found rosidl_adapter: 1.3.1 (/opt/ros/foxy/share/rosidl_adapter/cmake)
-- Found OpenSSL: /usr/lib/x86_64-linux-gnu/libcrypto.so (found version "1.1.1f")  
-- Found FastRTPS: /opt/ros/foxy/include  
-- Using all available rosidl_typesupport_cpp: rosidl_typesupport_fastrtps_cpp;rosidl_typesupport_introspection_cpp
-- Found rmw_implementation_cmake: 1.0.4 (/opt/ros/foxy/share/rmw_implementation_cmake/cmake)
-- Using RMW implementation 'rmw_fastrtps_cpp' as default
-- Looking for pthread.h
-- Looking for pthread.h - found
-- Performing Test CMAKE_HAVE_LIBC_PTHREAD
-- Performing Test CMAKE_HAVE_LIBC_PTHREAD - Failed
-- Looking for pthread_create in pthreads
-- Looking for pthread_create in pthreads - not found
-- Looking for pthread_create in pthread
-- Looking for pthread_create in pthread - found
-- Found Threads: TRUE  
-- Found eigen3_cmake_module: 0.1.1 (/opt/ros/foxy/share/eigen3_cmake_module/cmake)
-- Found Eigen3: TRUE (found version "3.3.7") 
-- Found nav2_map_server: 0.4.7 (/opt/ros/foxy/share/nav2_map_server/cmake)
-- Found nav2_lifecycle_manager: 0.4.7 (/opt/ros/foxy/share/nav2_lifecycle_manager/cmake)
-- Found nav2_planner: 0.4.7 (/opt/ros/foxy/share/nav2_planner/cmake)
-- Found nav2_controller: 0.4.7 (/opt/ros/foxy/share/nav2_controller/cmake)
-- Found nav2_recoveries: 0.4.7 (/opt/ros/foxy/share/nav2_recoveries/cmake)
-- Found ament_lint_auto: 0.9.8 (/opt/ros/foxy/share/ament_lint_auto/cmake)
-- Added test 'copyright' to check source files copyright and LICENSE
-- Added test 'flake8' to check Python code syntax and style conventions
-- Added test 'lint_cmake' to check CMake code style
-- Added test 'pep257' to check Python code against some of the style conventions in PEP 257
-- Added test 'xmllint' to check XML markup files
-- Configuring done
-- Generating done
-- Build files have been written to: /home/fenixhub/ackermann_ws/build/ackermann_robot_navigation
-- Install configuration: ""
-- Execute custom install script
-- Symlinking: /home/fenixhub/ackermann_ws/install/ackermann_robot_navigation/share/ament_index/resource_index/package_run_dependencies/ackermann_robot_navigation
-- Symlinking: /home/fenixhub/ackermann_ws/install/ackermann_robot_navigation/share/ament_index/resource_index/parent_prefix_path/ackermann_robot_navigation
-- Symlinking: /home/fenixhub/ackermann_ws/install/ackermann_robot_navigation/share/ackermann_robot_navigation/environment/ament_prefix_path.sh
-- Symlinking: /home/fenixhub/ackermann_ws/install/ackermann_robot_navigation/share/ackermann_robot_navigation/environment/ament_prefix_path.dsv
-- Symlinking: /home/fenixhub/ackermann_ws/install/ackermann_robot_navigation/share/ackermann_robot_navigation/environment/path.sh
-- Symlinking: /home/fenixhub/ackermann_ws/install/ackermann_robot_navigation/share/ackermann_robot_navigation/environment/path.dsv
-- Symlinking: /home/fenixhub/ackermann_ws/install/ackermann_robot_navigation/share/ackermann_robot_navigation/local_setup.bash
-- Symlinking: /home/fenixhub/ackermann_ws/install/ackermann_robot_navigation/share/ackermann_robot_navigation/local_setup.sh
-- Symlinking: /home/fenixhub/ackermann_ws/install/ackermann_robot_navigation/share/ackermann_robot_navigation/local_setup.zsh
-- Symlinking: /home/fenixhub/ackermann_ws/install/ackermann_robot_navigation/share/ackermann_robot_navigation/local_setup.dsv
-- Symlinking: /home/fenixhub/ackermann_ws/install/ackermann_robot_navigation/share/ackermann_robot_navigation/package.dsv
-- Symlinking: /home/fenixhub/ackermann_ws/install/ackermann_robot_navigation/share/ament_index/resource_index/packages/ackermann_robot_navigation
-- Symlinking: /home/fenixhub/ackermann_ws/install/ackermann_robot_navigation/share/ackermann_robot_navigation/cmake/ackermann_robot_navigationConfig.cmake
-- Symlinking: /home/fenixhub/ackermann_ws/install/ackermann_robot_navigation/share/ackermann_robot_navigation/cmake/ackermann_robot_navigationConfig-version.cmake
-- Symlinking: /home/fenixhub/ackermann_ws/install/ackermann_robot_navigation/share/ackermann_robot_navigation/package.xml
