[0.383s] Invoking command in '/home/fenixhub/ackermann_ws/build/ackermann_robot_navigation': CMAKE_PREFIX_PATH=/opt/ros/foxy /usr/bin/cmake /home/fenixhub/ackermann_ws/src/ackermann_robot_navigation -DAMENT_CMAKE_SYMLINK_INSTALL=1 -DCMAKE_INSTALL_PREFIX=/home/fenixhub/ackermann_ws/install/ackermann_robot_navigation
[0.554s] -- The C compiler identification is GNU 9.4.0
[0.697s] -- The CXX compiler identification is GNU 9.4.0
[0.708s] -- Check for working C compiler: /usr/bin/cc
[0.832s] -- Check for working C compiler: /usr/bin/cc -- works
[0.834s] -- Detecting C compiler ABI info
[0.956s] -- Detecting C compiler ABI info - done
[0.975s] -- Detecting C compile features
[0.976s] -- Detecting C compile features - done
[0.981s] -- Check for working CXX compiler: /usr/bin/c++
[1.125s] -- Check for working CXX compiler: /usr/bin/c++ -- works
[1.126s] -- Detecting CXX compiler ABI info
[1.267s] -- Detecting CXX compiler ABI info - done
[1.286s] -- Detecting CXX compile features
[1.287s] -- Detecting CXX compile features - done
[1.301s] -- Found ament_cmake: 0.9.12 (/opt/ros/foxy/share/ament_cmake/cmake)
[1.347s] -- Found PythonInterp: /usr/bin/python3 (found suitable version "3.8.10", minimum required is "3") 
[1.348s] -- Using PYTHON_EXECUTABLE: /usr/bin/python3
[1.646s] -- Override CMake install command with custom implementation using symlinks instead of copying resources
[1.696s] -- Found nav2_bringup: 0.4.7 (/opt/ros/foxy/share/nav2_bringup/cmake)
[1.700s] -- Found nav2_amcl: 0.4.7 (/opt/ros/foxy/share/nav2_amcl/cmake)
[1.798s] -- Using all available rosidl_typesupport_c: rosidl_typesupport_fastrtps_c;rosidl_typesupport_introspection_c
[1.813s] -- Found rosidl_adapter: 1.3.1 (/opt/ros/foxy/share/rosidl_adapter/cmake)
[1.991s] -- Found OpenSSL: /usr/lib/x86_64-linux-gnu/libcrypto.so (found version "1.1.1f")  
[2.047s] -- Found FastRTPS: /opt/ros/foxy/include  
[2.181s] -- Using all available rosidl_typesupport_cpp: rosidl_typesupport_fastrtps_cpp;rosidl_typesupport_introspection_cpp
[2.282s] -- Found rmw_implementation_cmake: 1.0.4 (/opt/ros/foxy/share/rmw_implementation_cmake/cmake)
[2.285s] -- Using RMW implementation 'rmw_fastrtps_cpp' as default
[2.287s] -- Looking for pthread.h
[2.430s] -- Looking for pthread.h - found
[2.431s] -- Performing Test CMAKE_HAVE_LIBC_PTHREAD
[2.576s] -- Performing Test CMAKE_HAVE_LIBC_PTHREAD - Failed
[2.576s] -- Looking for pthread_create in pthreads
[2.675s] -- Looking for pthread_create in pthreads - not found
[2.675s] -- Looking for pthread_create in pthread
[2.807s] -- Looking for pthread_create in pthread - found
[2.809s] -- Found Threads: TRUE  
[3.215s] -- Found eigen3_cmake_module: 0.1.1 (/opt/ros/foxy/share/eigen3_cmake_module/cmake)
[3.220s] -- Found Eigen3: TRUE (found version "3.3.7") 
[5.482s] -- Found nav2_map_server: 0.4.7 (/opt/ros/foxy/share/nav2_map_server/cmake)
[5.487s] -- Found nav2_lifecycle_manager: 0.4.7 (/opt/ros/foxy/share/nav2_lifecycle_manager/cmake)
[6.166s] -- Found nav2_planner: 0.4.7 (/opt/ros/foxy/share/nav2_planner/cmake)
[10.978s] -- Found nav2_controller: 0.4.7 (/opt/ros/foxy/share/nav2_controller/cmake)
[10.984s] -- Found nav2_recoveries: 0.4.7 (/opt/ros/foxy/share/nav2_recoveries/cmake)
[10.991s] -- Found ament_lint_auto: 0.9.8 (/opt/ros/foxy/share/ament_lint_auto/cmake)
[11.118s] -- Added test 'copyright' to check source files copyright and LICENSE
[11.123s] -- Added test 'flake8' to check Python code syntax and style conventions
[11.124s] -- Added test 'lint_cmake' to check CMake code style
[11.125s] -- Added test 'pep257' to check Python code against some of the style conventions in PEP 257
[11.127s] -- Added test 'xmllint' to check XML markup files
[11.135s] -- Configuring done
[11.139s] -- Generating done
[11.143s] -- Build files have been written to: /home/fenixhub/ackermann_ws/build/ackermann_robot_navigation
[11.156s] Invoked command in '/home/fenixhub/ackermann_ws/build/ackermann_robot_navigation' returned '0': CMAKE_PREFIX_PATH=/opt/ros/foxy /usr/bin/cmake /home/fenixhub/ackermann_ws/src/ackermann_robot_navigation -DAMENT_CMAKE_SYMLINK_INSTALL=1 -DCMAKE_INSTALL_PREFIX=/home/fenixhub/ackermann_ws/install/ackermann_robot_navigation
[11.161s] Invoking command in '/home/fenixhub/ackermann_ws/build/ackermann_robot_navigation': CMAKE_PREFIX_PATH=/opt/ros/foxy /usr/bin/cmake --build /home/fenixhub/ackermann_ws/build/ackermann_robot_navigation -- -j12 -l12
[11.237s] Invoked command in '/home/fenixhub/ackermann_ws/build/ackermann_robot_navigation' returned '0': CMAKE_PREFIX_PATH=/opt/ros/foxy /usr/bin/cmake --build /home/fenixhub/ackermann_ws/build/ackermann_robot_navigation -- -j12 -l12
[11.243s] Invoking command in '/home/fenixhub/ackermann_ws/build/ackermann_robot_navigation': CMAKE_PREFIX_PATH=/opt/ros/foxy /usr/bin/cmake --install /home/fenixhub/ackermann_ws/build/ackermann_robot_navigation
[11.260s] -- Install configuration: ""
[11.261s] -- Execute custom install script
[11.261s] -- Symlinking: /home/fenixhub/ackermann_ws/install/ackermann_robot_navigation/share/ament_index/resource_index/package_run_dependencies/ackermann_robot_navigation
[11.280s] -- Symlinking: /home/fenixhub/ackermann_ws/install/ackermann_robot_navigation/share/ament_index/resource_index/parent_prefix_path/ackermann_robot_navigation
[11.298s] -- Symlinking: /home/fenixhub/ackermann_ws/install/ackermann_robot_navigation/share/ackermann_robot_navigation/environment/ament_prefix_path.sh
[11.312s] -- Symlinking: /home/fenixhub/ackermann_ws/install/ackermann_robot_navigation/share/ackermann_robot_navigation/environment/ament_prefix_path.dsv
[11.326s] -- Symlinking: /home/fenixhub/ackermann_ws/install/ackermann_robot_navigation/share/ackermann_robot_navigation/environment/path.sh
[11.343s] -- Symlinking: /home/fenixhub/ackermann_ws/install/ackermann_robot_navigation/share/ackermann_robot_navigation/environment/path.dsv
[11.359s] -- Symlinking: /home/fenixhub/ackermann_ws/install/ackermann_robot_navigation/share/ackermann_robot_navigation/local_setup.bash
[11.376s] -- Symlinking: /home/fenixhub/ackermann_ws/install/ackermann_robot_navigation/share/ackermann_robot_navigation/local_setup.sh
[11.393s] -- Symlinking: /home/fenixhub/ackermann_ws/install/ackermann_robot_navigation/share/ackermann_robot_navigation/local_setup.zsh
[11.409s] -- Symlinking: /home/fenixhub/ackermann_ws/install/ackermann_robot_navigation/share/ackermann_robot_navigation/local_setup.dsv
[11.426s] -- Symlinking: /home/fenixhub/ackermann_ws/install/ackermann_robot_navigation/share/ackermann_robot_navigation/package.dsv
[11.445s] -- Symlinking: /home/fenixhub/ackermann_ws/install/ackermann_robot_navigation/share/ament_index/resource_index/packages/ackermann_robot_navigation
[11.461s] -- Symlinking: /home/fenixhub/ackermann_ws/install/ackermann_robot_navigation/share/ackermann_robot_navigation/cmake/ackermann_robot_navigationConfig.cmake
[11.477s] -- Symlinking: /home/fenixhub/ackermann_ws/install/ackermann_robot_navigation/share/ackermann_robot_navigation/cmake/ackermann_robot_navigationConfig-version.cmake
[11.494s] -- Symlinking: /home/fenixhub/ackermann_ws/install/ackermann_robot_navigation/share/ackermann_robot_navigation/package.xml
[11.515s] Invoked command in '/home/fenixhub/ackermann_ws/build/ackermann_robot_navigation' returned '0': CMAKE_PREFIX_PATH=/opt/ros/foxy /usr/bin/cmake --install /home/fenixhub/ackermann_ws/build/ackermann_robot_navigation
